<?xml version="1.0" encoding="UTF-8"?>
<testng-results ignored="0" total="1" passed="1" failed="0" skipped="0">
  <reporter-output>
  </reporter-output>
  <suite started-at="2025-03-15T21:45:25 IST" name="Default suite" finished-at="2025-03-15T21:45:36 IST" duration-ms="11453">
    <groups>
    </groups>
    <test started-at="2025-03-15T21:45:25 IST" name="Default test" finished-at="2025-03-15T21:45:36 IST" duration-ms="11453">
      <class name="Test.WebTableTest">
        <test-method is-config="true" signature="launchch()[pri:0, instance:Test.WebTableTest@18f8cd79]" started-at="2025-03-15T21:45:25 IST" name="launchch" finished-at="2025-03-15T21:45:36 IST" duration-ms="11361" status="PASS">
          <reporter-output>
          </reporter-output>
        </test-method> <!-- launchch -->
        <test-method signature="ClickonWebTable()[pri:1, instance:Test.WebTableTest@18f8cd79]" started-at="2025-03-15T21:45:36 IST" name="ClickonWebTable" finished-at="2025-03-15T21:45:36 IST" duration-ms="66" status="PASS">
          <reporter-output>
          </reporter-output>
        </test-method> <!-- ClickonWebTable -->
      </class> <!-- Test.WebTableTest -->
    </test> <!-- Default test -->
  </suite> <!-- Default suite -->
</testng-results>
